2024-05-16 22:27:33.174 [info] Log level: Info
2024-05-16 22:27:33.174 [info] Validating found git in: "git"
2024-05-16 22:27:33.174 [info] Using git "2.34.1" from "git"
2024-05-16 22:27:33.174 [info] > git rev-parse --show-toplevel [183ms]
2024-05-16 22:27:33.174 [info] > git rev-parse --git-dir --git-common-dir [17ms]
2024-05-16 22:27:33.174 [info] Open repository: /home/ashlesha/AWS-PROJECT-
2024-05-16 22:27:33.179 [info] > git show --textconv HEAD:devops [30ms]
2024-05-16 22:27:33.181 [info] > git config --get commit.template [12ms]
2024-05-16 22:27:33.183 [info] > git ls-tree -l HEAD -- /home/ashlesha/AWS-PROJECT-/devops [27ms]
2024-05-16 22:27:33.220 [info] > git for-each-ref --format=%(refname)%00%(upstream:short)%00%(objectname)%00%(upstream:track)%00%(upstream:remotename)%00%(upstream:remoteref) refs/heads/cdec refs/remotes/cdec [17ms]
2024-05-16 22:27:33.232 [info] > git ls-tree -l HEAD -- /home/ashlesha/AWS-PROJECT-/devops [13ms]
2024-05-16 22:27:33.237 [info] > git status -z -uall [10ms]
2024-05-16 22:27:33.264 [info] > git config --get commit.template [2ms]
2024-05-16 22:27:33.274 [info] > git for-each-ref --format=%(refname)%00%(upstream:short)%00%(objectname)%00%(upstream:track)%00%(upstream:remotename)%00%(upstream:remoteref) refs/heads/cdec refs/remotes/cdec [2ms]
2024-05-16 22:27:33.286 [info] > git status -z -uall [1ms]
2024-05-16 22:27:33.733 [info] > git check-ignore -v -z --stdin [12ms]
2024-05-16 22:29:45.421 [info] > git ls-files --stage -- /home/ashlesha/AWS-PROJECT-/devops [1ms]
2024-05-16 22:29:45.436 [info] > git cat-file -s 8513e6576ace0a5466b9690c96ce8664318a2cb9 [2ms]
2024-05-16 22:29:45.454 [info] > git show --textconv :devops [3ms]
2024-05-16 22:30:05.803 [info] > git log --format=%H%n%aN%n%aE%n%at%n%ct%n%P%n%D%n%B -z -n120 --follow -- /home/ashlesha/AWS-PROJECT-/devops [4ms]
2024-05-16 22:31:07.025 [info] > git ls-files --stage -- /home/ashlesha/AWS-PROJECT-/devops [4ms]
2024-05-16 22:31:07.038 [info] > git cat-file -s 8513e6576ace0a5466b9690c96ce8664318a2cb9 [2ms]
2024-05-16 22:36:14.998 [info] > git ls-files --stage -- /home/ashlesha/AWS-PROJECT-/devops [2ms]
2024-05-16 22:36:15.006 [info] > git cat-file -s 8513e6576ace0a5466b9690c96ce8664318a2cb9 [1ms]
2024-05-16 22:36:58.747 [info] > git ls-files --stage -- /home/ashlesha/AWS-PROJECT-/devops [1ms]
2024-05-16 22:36:58.755 [info] > git cat-file -s 8513e6576ace0a5466b9690c96ce8664318a2cb9 [2ms]
2024-05-16 22:37:08.238 [info] > git config --get commit.template [4ms]
2024-05-16 22:37:08.250 [info] > git for-each-ref --format=%(refname)%00%(upstream:short)%00%(objectname)%00%(upstream:track)%00%(upstream:remotename)%00%(upstream:remoteref) refs/heads/cdec refs/remotes/cdec [4ms]
2024-05-16 22:37:08.272 [info] > git status -z -uall [2ms]
2024-05-16 22:38:25.167 [info] > git ls-files --stage -- /home/ashlesha/AWS-PROJECT-/devops [1ms]
2024-05-16 22:38:25.189 [info] > git cat-file -s 8513e6576ace0a5466b9690c96ce8664318a2cb9 [1ms]
2024-05-16 22:39:30.291 [info] > git config --get commit.template [28ms]
2024-05-16 22:39:30.292 [info] > git for-each-ref --format=%(refname)%00%(upstream:short)%00%(objectname)%00%(upstream:track)%00%(upstream:remotename)%00%(upstream:remoteref) refs/heads/cdec refs/remotes/cdec [7ms]
2024-05-16 22:39:30.321 [info] > git status -z -uall [8ms]
2024-05-16 22:40:30.173 [info] > git config --get commit.template [10ms]
2024-05-16 22:40:30.198 [info] > git for-each-ref --format=%(refname)%00%(upstream:short)%00%(objectname)%00%(upstream:track)%00%(upstream:remotename)%00%(upstream:remoteref) refs/heads/cdec refs/remotes/cdec [5ms]
2024-05-16 22:40:30.223 [info] > git status -z -uall [5ms]
2024-05-16 22:41:17.159 [info] > git config --get commit.template [20ms]
2024-05-16 22:41:17.160 [info] > git for-each-ref --format=%(refname)%00%(upstream:short)%00%(objectname)%00%(upstream:track)%00%(upstream:remotename)%00%(upstream:remoteref) refs/heads/cdec refs/remotes/cdec [4ms]
2024-05-16 22:41:17.193 [info] > git status -z -uall [16ms]
2024-05-16 22:41:32.953 [info] > git rev-list --count index.. -- /home/ashlesha/AWS-PROJECT-/devops [9ms]
2024-05-16 22:41:32.954 [info] fatal: bad revision 'index..'
2024-05-16 22:41:32.985 [info] > git log --format=%H%n%aN%n%aE%n%at%n%ct%n%P%n%D%n%B -z --follow -- /home/ashlesha/AWS-PROJECT-/devops [12ms]
2024-05-16 22:41:33.461 [info] > git config --get commit.template [20ms]
2024-05-16 22:41:33.463 [info] > git for-each-ref --format=%(refname)%00%(upstream:short)%00%(objectname)%00%(upstream:track)%00%(upstream:remotename)%00%(upstream:remoteref) refs/heads/cdec refs/remotes/cdec [4ms]
2024-05-16 22:41:33.489 [info] > git status -z -uall [6ms]
2024-05-16 22:41:33.558 [info] > git ls-files --stage -- /home/ashlesha/AWS-PROJECT-/devops [5ms]
2024-05-16 22:41:33.577 [info] > git cat-file -s 8513e6576ace0a5466b9690c96ce8664318a2cb9 [3ms]
2024-05-16 22:41:33.607 [info] > git show --textconv :devops [10ms]
2024-05-16 22:41:38.544 [info] > git config --get commit.template [22ms]
2024-05-16 22:41:38.546 [info] > git for-each-ref --format=%(refname)%00%(upstream:short)%00%(objectname)%00%(upstream:track)%00%(upstream:remotename)%00%(upstream:remoteref) refs/heads/cdec refs/remotes/cdec [4ms]
2024-05-16 22:41:38.572 [info] > git status -z -uall [8ms]
2024-05-16 22:41:45.261 [info] > git rev-list --count index.. -- /home/ashlesha/AWS-PROJECT-/devops [5ms]
2024-05-16 22:41:45.261 [info] fatal: bad revision 'index..'
2024-05-16 22:41:45.295 [info] > git log --format=%H%n%aN%n%aE%n%at%n%ct%n%P%n%D%n%B -z --follow -- /home/ashlesha/AWS-PROJECT-/devops [11ms]
2024-05-16 22:41:45.773 [info] > git config --get commit.template [20ms]
2024-05-16 22:41:45.774 [info] > git for-each-ref --format=%(refname)%00%(upstream:short)%00%(objectname)%00%(upstream:track)%00%(upstream:remotename)%00%(upstream:remoteref) refs/heads/cdec refs/remotes/cdec [4ms]
2024-05-16 22:41:45.799 [info] > git status -z -uall [6ms]
2024-05-16 22:41:45.865 [info] > git ls-files --stage -- /home/ashlesha/AWS-PROJECT-/devops [6ms]
2024-05-16 22:41:45.886 [info] > git cat-file -s 8513e6576ace0a5466b9690c96ce8664318a2cb9 [4ms]
2024-05-16 22:41:45.939 [info] > git show --textconv :devops [23ms]
2024-05-16 22:42:40.189 [info] > git ls-files --stage -- /home/ashlesha/AWS-PROJECT-/devops [13ms]
2024-05-16 22:42:40.197 [info] > git config --get commit.template [9ms]
2024-05-16 22:42:40.198 [info] > git cat-file -s 8513e6576ace0a5466b9690c96ce8664318a2cb9 [2ms]
2024-05-16 22:42:40.206 [info] > git for-each-ref --format=%(refname)%00%(upstream:short)%00%(objectname)%00%(upstream:track)%00%(upstream:remotename)%00%(upstream:remoteref) refs/heads/cdec refs/remotes/cdec [2ms]
2024-05-16 22:42:40.215 [info] > git status -z -uall [1ms]
2024-05-16 22:45:10.285 [info] > git ls-files --stage -- /home/ashlesha/AWS-PROJECT-/devops [2ms]
2024-05-16 22:45:10.295 [info] > git cat-file -s 8513e6576ace0a5466b9690c96ce8664318a2cb9 [1ms]
2024-05-16 22:45:23.564 [info] > git ls-files --stage -- /home/ashlesha/AWS-PROJECT-/devops [1ms]
2024-05-16 22:45:23.573 [info] > git cat-file -s 8513e6576ace0a5466b9690c96ce8664318a2cb9 [2ms]
2024-05-16 22:46:50.699 [info] > git ls-files --stage -- /home/ashlesha/AWS-PROJECT-/devops [1ms]
2024-05-16 22:46:50.712 [info] > git cat-file -s 8513e6576ace0a5466b9690c96ce8664318a2cb9 [2ms]
2024-05-16 22:50:43.812 [info] > git ls-files --stage -- /home/ashlesha/AWS-PROJECT-/devops [4ms]
2024-05-16 22:50:43.822 [info] > git cat-file -s 8513e6576ace0a5466b9690c96ce8664318a2cb9 [2ms]
2024-05-16 22:52:16.669 [info] > git rev-list --count index.. -- /home/ashlesha/AWS-PROJECT-/devops [8ms]
2024-05-16 22:52:16.669 [info] fatal: bad revision 'index..'
2024-05-16 22:52:16.706 [info] > git log --format=%H%n%aN%n%aE%n%at%n%ct%n%P%n%D%n%B -z --follow -- /home/ashlesha/AWS-PROJECT-/devops [16ms]
2024-05-16 22:52:17.158 [info] > git config --get commit.template [24ms]
2024-05-16 22:52:17.159 [info] > git for-each-ref --format=%(refname)%00%(upstream:short)%00%(objectname)%00%(upstream:track)%00%(upstream:remotename)%00%(upstream:remoteref) refs/heads/cdec refs/remotes/cdec [6ms]
2024-05-16 22:52:17.181 [info] > git status -z -uall [5ms]
2024-05-16 22:52:17.295 [info] > git ls-tree -l HEAD -- /home/ashlesha/AWS-PROJECT-/devops [18ms]
2024-05-16 22:52:17.346 [info] > git show --textconv HEAD:devops [9ms]
2024-05-16 22:52:22.249 [info] > git config --get commit.template [25ms]
2024-05-16 22:52:22.250 [info] > git for-each-ref --format=%(refname)%00%(upstream:short)%00%(objectname)%00%(upstream:track)%00%(upstream:remotename)%00%(upstream:remoteref) refs/heads/cdec refs/remotes/cdec [6ms]
2024-05-16 22:52:22.285 [info] > git status -z -uall [14ms]
2024-05-16 22:53:16.265 [info] > git ls-tree -l HEAD -- /home/ashlesha/AWS-PROJECT-/devops [3ms]
2024-05-16 22:54:53.968 [info] > git ls-tree -l HEAD -- /home/ashlesha/AWS-PROJECT-/devops [2ms]
2024-05-16 22:57:19.258 [info] > git ls-tree -l HEAD -- /home/ashlesha/AWS-PROJECT-/devops [2ms]
2024-05-16 22:57:55.677 [info] > git config --get commit.template [4ms]
2024-05-16 22:57:55.699 [info] > git for-each-ref --format=%(refname)%00%(upstream:short)%00%(objectname)%00%(upstream:track)%00%(upstream:remotename)%00%(upstream:remoteref) refs/heads/cdec refs/remotes/cdec [6ms]
2024-05-16 22:57:55.721 [info] > git status -z -uall [6ms]
2024-05-16 22:58:06.074 [info] > git for-each-ref --format=%(refname)%00%(upstream:short)%00%(objectname)%00%(upstream:track)%00%(upstream:remotename)%00%(upstream:remoteref) refs/heads/cdec [2ms]
2024-05-16 22:58:06.083 [info] > git for-each-ref --format=%(refname)%00%(upstream:short)%00%(objectname)%00%(upstream:track)%00%(upstream:remotename)%00%(upstream:remoteref) refs/heads/cdec [1ms]
2024-05-16 22:58:06.092 [info] > git config --local branch.cdec.vscode-merge-base [2ms]
2024-05-16 22:58:06.102 [info] > git for-each-ref --format=%(refname)%00%(upstream:short)%00%(objectname)%00%(upstream:track)%00%(upstream:remotename)%00%(upstream:remoteref) refs/heads/origin/main refs/remotes/origin/main [2ms]
2024-05-16 22:58:06.111 [info] > git merge-base refs/heads/cdec refs/remotes/origin/main [2ms]
2024-05-16 22:58:06.120 [info] > git rev-list --count --left-right refs/heads/cdec...refs/remotes/origin/main [2ms]
2024-05-16 22:58:06.179 [info] > git log --format=%H%n%aN%n%aE%n%at%n%ct%n%P%n%D%n%B -z --shortstat --diff-merges=first-parent --author-date-order a7b02bf548b731af4160f38962b06e0fddd235d3..c7a1ee4cd74812fcc80a4aaa50746c888d9f6202 [4ms]
2024-05-16 22:58:06.191 [info] > git diff --shortstat a7b02bf548b731af4160f38962b06e0fddd235d3...c7a1ee4cd74812fcc80a4aaa50746c888d9f6202 [3ms]
2024-05-16 22:58:06.946 [info] > git check-ignore -v -z --stdin [2ms]
2024-05-16 22:59:05.058 [info] > git check-ignore -v -z --stdin [7ms]
2024-05-16 23:03:35.715 [info] > git ls-tree -l HEAD -- /home/ashlesha/AWS-PROJECT-/devops [3ms]
