2024-05-17 06:44:25.147 [info] Log level: Info
2024-05-17 06:44:25.147 [info] Validating found git in: "git"
2024-05-17 06:44:25.147 [info] Using git "2.34.1" from "git"
2024-05-17 06:44:25.147 [info] > git rev-parse --show-toplevel [284ms]
2024-05-17 06:44:25.173 [info] > git rev-parse --git-dir --git-common-dir [66ms]
2024-05-17 06:44:25.224 [info] Open repository: /home/ashlesha/AWS-PROJECT-
2024-05-17 06:44:25.267 [info] > git config --get commit.template [24ms]
2024-05-17 06:44:25.309 [info] > git rev-parse --show-toplevel [56ms]
2024-05-17 06:44:25.375 [info] > git rev-parse --git-dir --git-common-dir [58ms]
2024-05-17 06:44:25.383 [info] Open repository: /home/ashlesha/AWS-PROJECT-/linux-
2024-05-17 06:44:25.388 [info] > git for-each-ref --format=%(refname)%00%(upstream:short)%00%(objectname)%00%(upstream:track)%00%(upstream:remotename)%00%(upstream:remoteref) refs/heads/cdec refs/remotes/cdec [83ms]
2024-05-17 06:44:25.458 [info] > git status -z -uall [59ms]
2024-05-17 06:44:25.460 [info] > git config --get commit.template [43ms]
2024-05-17 06:44:25.507 [info] > git log --format=%H%n%aN%n%aE%n%at%n%ct%n%P%n%D%n%B -z -n120 --follow -- /home/ashlesha/AWS-PROJECT-/README.md [61ms]
2024-05-17 06:44:25.612 [info] > git config --get commit.template [107ms]
2024-05-17 06:44:25.613 [info] > git for-each-ref --format=%(refname)%00%(upstream:short)%00%(objectname)%00%(upstream:track)%00%(upstream:remotename)%00%(upstream:remoteref) refs/heads/main refs/remotes/main [120ms]
2024-05-17 06:44:25.613 [warning] No such branch: main.
2024-05-17 06:44:25.623 [info] > git status -z -uall [2ms]
2024-05-17 06:44:25.654 [info] > git for-each-ref --format=%(refname)%00%(upstream:short)%00%(objectname)%00%(upstream:track)%00%(upstream:remotename)%00%(upstream:remoteref) refs/heads/cdec refs/remotes/cdec [9ms]
2024-05-17 06:44:25.685 [info] > git config --get commit.template [33ms]
2024-05-17 06:44:25.691 [info] > git status -z -uall [29ms]
2024-05-17 06:44:25.698 [info] > git for-each-ref --format=%(refname)%00%(upstream:short)%00%(objectname)%00%(upstream:track)%00%(upstream:remotename)%00%(upstream:remoteref) refs/heads/main refs/remotes/main [7ms]
2024-05-17 06:44:25.698 [warning] No such branch: main.
2024-05-17 06:44:25.708 [info] > git status -z -uall [2ms]
2024-05-17 06:44:25.895 [info] > git rev-list --count a7b02bf548b731af4160f38962b06e0fddd235d3.. -- /home/ashlesha/AWS-PROJECT-/README.md [2ms]
2024-05-17 06:44:25.905 [info] > git log --format=%H%n%aN%n%aE%n%at%n%ct%n%P%n%D%n%B -z -n4 --follow -- /home/ashlesha/AWS-PROJECT-/README.md [3ms]
2024-05-17 06:44:25.969 [info] > git check-ignore -v -z --stdin [8ms]
2024-05-17 06:44:25.969 [info] > git check-ignore -v -z --stdin [2ms]
2024-05-17 06:44:26.037 [info] > git show --textconv :README.md [10ms]
2024-05-17 06:44:26.039 [info] > git ls-files --stage -- /home/ashlesha/AWS-PROJECT-/README.md [6ms]
2024-05-17 06:44:26.047 [info] > git cat-file -s 78d5c4552ece7ce2efcae5d809a09120b414bf0f [2ms]
2024-05-17 06:46:52.233 [info] > git config --get commit.template [21ms]
2024-05-17 06:46:52.234 [info] > git for-each-ref --format=%(refname)%00%(upstream:short)%00%(objectname)%00%(upstream:track)%00%(upstream:remotename)%00%(upstream:remoteref) refs/heads/cdec refs/remotes/cdec [5ms]
2024-05-17 06:46:52.249 [info] > git status -z -uall [5ms]
2024-05-17 06:47:28.971 [info] > git log --format=%H%n%aN%n%aE%n%at%n%ct%n%P%n%D%n%B -z -n120 --follow -- /home/ashlesha/AWS-PROJECT-/like.txt [7ms]
2024-05-17 06:47:29.153 [info] > git show --textconv :like.txt [8ms]
2024-05-17 06:47:29.153 [info] > git ls-files --stage -- /home/ashlesha/AWS-PROJECT-/like.txt [1ms]
2024-05-17 06:47:29.162 [info] > git cat-file -s e69de29bb2d1d6434b8b29ae775ad8c2e48c5391 [1ms]
2024-05-17 06:47:35.119 [info] > git show --textconv HEAD:devops [15ms]
2024-05-17 06:47:35.120 [info] > git ls-tree -l HEAD -- /home/ashlesha/AWS-PROJECT-/devops [3ms]
2024-05-17 06:47:35.205 [info] > git log --format=%H%n%aN%n%aE%n%at%n%ct%n%P%n%D%n%B -z -n120 --follow -- /home/ashlesha/AWS-PROJECT-/devops [3ms]
2024-05-17 06:47:40.500 [info] > git log --format=%H%n%aN%n%aE%n%at%n%ct%n%P%n%D%n%B -z -n120 --follow -- /home/ashlesha/AWS-PROJECT-/like.txt [3ms]
2024-05-17 06:47:40.706 [info] > git show --textconv :like.txt [24ms]
2024-05-17 06:47:40.713 [info] > git ls-files --stage -- /home/ashlesha/AWS-PROJECT-/like.txt [12ms]
2024-05-17 06:47:40.737 [info] > git cat-file -s e69de29bb2d1d6434b8b29ae775ad8c2e48c5391 [3ms]
2024-05-17 06:47:50.253 [info] > git ls-tree -l HEAD -- /home/ashlesha/AWS-PROJECT-/devops [12ms]
2024-05-17 06:47:50.255 [info] > git log --format=%H%n%aN%n%aE%n%at%n%ct%n%P%n%D%n%B -z -n120 --follow -- /home/ashlesha/AWS-PROJECT-/devops [8ms]
2024-05-17 06:47:55.066 [info] > git log --format=%H%n%aN%n%aE%n%at%n%ct%n%P%n%D%n%B -z -n120 --follow -- /home/ashlesha/AWS-PROJECT-/like.txt [4ms]
2024-05-17 06:47:55.276 [info] > git show --textconv :like.txt [16ms]
2024-05-17 06:47:55.281 [info] > git ls-files --stage -- /home/ashlesha/AWS-PROJECT-/like.txt [7ms]
2024-05-17 06:47:55.299 [info] > git cat-file -s e69de29bb2d1d6434b8b29ae775ad8c2e48c5391 [3ms]
2024-05-17 06:48:18.350 [info] > git config --get commit.template [29ms]
2024-05-17 06:48:18.351 [info] > git for-each-ref --format=%(refname)%00%(upstream:short)%00%(objectname)%00%(upstream:track)%00%(upstream:remotename)%00%(upstream:remoteref) refs/heads/cdec refs/remotes/cdec [12ms]
2024-05-17 06:48:18.376 [info] > git status -z -uall [7ms]
2024-05-17 06:48:46.249 [info] > git rev-list --count c7a1ee4cd74812fcc80a4aaa50746c888d9f6202.. -- /home/ashlesha/AWS-PROJECT-/like.txt [9ms]
2024-05-17 06:48:46.284 [info] > git log --format=%H%n%aN%n%aE%n%at%n%ct%n%P%n%D%n%B -z -n2 --follow -- /home/ashlesha/AWS-PROJECT-/like.txt [11ms]
2024-05-17 06:48:46.748 [info] > git config --get commit.template [24ms]
2024-05-17 06:48:46.750 [info] > git for-each-ref --format=%(refname)%00%(upstream:short)%00%(objectname)%00%(upstream:track)%00%(upstream:remotename)%00%(upstream:remoteref) refs/heads/cdec refs/remotes/cdec [7ms]
2024-05-17 06:48:46.774 [info] > git status -z -uall [5ms]
2024-05-17 06:48:46.842 [info] > git ls-files --stage -- /home/ashlesha/AWS-PROJECT-/like.txt [8ms]
2024-05-17 06:48:46.871 [info] > git cat-file -s e69de29bb2d1d6434b8b29ae775ad8c2e48c5391 [9ms]
2024-05-17 06:48:46.936 [info] > git show --textconv :like.txt [33ms]
2024-05-17 06:48:51.820 [info] > git config --get commit.template [8ms]
2024-05-17 06:48:51.841 [info] > git for-each-ref --format=%(refname)%00%(upstream:short)%00%(objectname)%00%(upstream:track)%00%(upstream:remotename)%00%(upstream:remoteref) refs/heads/cdec refs/remotes/cdec [4ms]
2024-05-17 06:48:51.864 [info] > git status -z -uall [5ms]
