2024-05-17 11:16:03.184 [info] Log level: Info
2024-05-17 11:16:03.184 [info] Validating found git in: "git"
2024-05-17 11:16:03.185 [info] Using git "2.34.1" from "git"
2024-05-17 11:16:03.185 [info] > git rev-parse --show-toplevel [48ms]
2024-05-17 11:16:03.185 [info] > git rev-parse --git-dir --git-common-dir [2ms]
2024-05-17 11:16:03.185 [info] Open repository: /home/ashlesha/AWS-PROJECT-
2024-05-17 11:16:03.185 [info] > git config --get commit.template [36ms]
2024-05-17 11:16:03.185 [info] > git rev-parse --show-toplevel [60ms]
2024-05-17 11:16:03.185 [info] > git for-each-ref --format=%(refname)%00%(upstream:short)%00%(objectname)%00%(upstream:track)%00%(upstream:remotename)%00%(upstream:remoteref) refs/heads/cdec refs/remotes/cdec [38ms]
2024-05-17 11:16:03.185 [info] > git rev-parse --git-dir --git-common-dir [8ms]
2024-05-17 11:16:03.185 [info] Open repository: /home/ashlesha/AWS-PROJECT-/linux-
2024-05-17 11:16:03.185 [info] > git config --get commit.template [8ms]
2024-05-17 11:16:03.185 [info] > git status -z -uall [128ms]
2024-05-17 11:16:03.185 [info] > git for-each-ref --format=%(refname)%00%(upstream:short)%00%(objectname)%00%(upstream:track)%00%(upstream:remotename)%00%(upstream:remoteref) refs/heads/main refs/remotes/main [12ms]
2024-05-17 11:16:03.185 [warning] No such branch: main.
2024-05-17 11:16:03.185 [info] > git status -z -uall [75ms]
2024-05-17 11:16:03.185 [info] > git config --get commit.template [34ms]
2024-05-17 11:16:03.185 [info] > git config --get commit.template [213ms]
2024-05-17 11:16:03.185 [info] > git for-each-ref --format=%(refname)%00%(upstream:short)%00%(objectname)%00%(upstream:track)%00%(upstream:remotename)%00%(upstream:remoteref) refs/heads/cdec refs/remotes/cdec [9ms]
2024-05-17 11:16:03.185 [info] > git for-each-ref --format=%(refname)%00%(upstream:short)%00%(objectname)%00%(upstream:track)%00%(upstream:remotename)%00%(upstream:remoteref) refs/heads/main refs/remotes/main [16ms]
2024-05-17 11:16:03.185 [warning] No such branch: main.
2024-05-17 11:16:03.185 [info] > git status -z -uall [14ms]
2024-05-17 11:16:03.185 [info] > git status -z -uall [8ms]
2024-05-17 11:16:03.185 [info] > git show --textconv :like.txt [350ms]
2024-05-17 11:16:03.185 [info] > git ls-files --stage -- /home/ashlesha/AWS-PROJECT-/like.txt [325ms]
2024-05-17 11:16:03.185 [info] > git check-ignore -v -z --stdin [39ms]
2024-05-17 11:16:03.185 [info] > git check-ignore -v -z --stdin [36ms]
2024-05-17 11:16:03.185 [info] > git cat-file -s e69de29bb2d1d6434b8b29ae775ad8c2e48c5391 [70ms]
2024-05-17 11:16:03.462 [info] > git log --format=%H%n%aN%n%aE%n%at%n%ct%n%P%n%D%n%B -z -n120 --follow -- /home/ashlesha/AWS-PROJECT-/like.txt [205ms]
2024-05-17 11:18:51.377 [info] > git rev-list --count c7a1ee4cd74812fcc80a4aaa50746c888d9f6202.. -- /home/ashlesha/AWS-PROJECT-/like.txt [2ms]
2024-05-17 11:18:51.389 [info] > git log --format=%H%n%aN%n%aE%n%at%n%ct%n%P%n%D%n%B -z -n2 --follow -- /home/ashlesha/AWS-PROJECT-/like.txt [3ms]
2024-05-17 11:18:51.873 [info] > git config --get commit.template [7ms]
2024-05-17 11:18:51.873 [info] > git for-each-ref --format=%(refname)%00%(upstream:short)%00%(objectname)%00%(upstream:track)%00%(upstream:remotename)%00%(upstream:remoteref) refs/heads/cdec refs/remotes/cdec [2ms]
2024-05-17 11:18:51.880 [info] > git status -z -uall [1ms]
2024-05-17 11:18:51.971 [info] > git ls-files --stage -- /home/ashlesha/AWS-PROJECT-/like.txt [2ms]
2024-05-17 11:18:51.979 [info] > git cat-file -s e69de29bb2d1d6434b8b29ae775ad8c2e48c5391 [2ms]
2024-05-17 11:18:51.993 [info] > git show --textconv :like.txt [2ms]
2024-05-17 11:27:06.473 [info] > git rev-list --count c7a1ee4cd74812fcc80a4aaa50746c888d9f6202.. -- /home/ashlesha/AWS-PROJECT-/like.txt [4ms]
2024-05-17 11:27:06.492 [info] > git log --format=%H%n%aN%n%aE%n%at%n%ct%n%P%n%D%n%B -z -n2 --follow -- /home/ashlesha/AWS-PROJECT-/like.txt [6ms]
2024-05-17 11:27:06.987 [info] > git config --get commit.template [18ms]
2024-05-17 11:27:06.987 [info] > git for-each-ref --format=%(refname)%00%(upstream:short)%00%(objectname)%00%(upstream:track)%00%(upstream:remotename)%00%(upstream:remoteref) refs/heads/cdec refs/remotes/cdec [3ms]
2024-05-17 11:27:07.001 [info] > git status -z -uall [4ms]
2024-05-17 11:27:07.060 [info] > git ls-files --stage -- /home/ashlesha/AWS-PROJECT-/like.txt [2ms]
2024-05-17 11:27:07.070 [info] > git cat-file -s e69de29bb2d1d6434b8b29ae775ad8c2e48c5391 [3ms]
2024-05-17 11:27:07.086 [info] > git show --textconv :like.txt [2ms]
2024-05-17 11:27:22.385 [info] > git rev-list --count c7a1ee4cd74812fcc80a4aaa50746c888d9f6202.. -- /home/ashlesha/AWS-PROJECT-/like.txt [6ms]
2024-05-17 11:27:22.406 [info] > git log --format=%H%n%aN%n%aE%n%at%n%ct%n%P%n%D%n%B -z -n2 --follow -- /home/ashlesha/AWS-PROJECT-/like.txt [9ms]
2024-05-17 11:27:22.875 [info] > git config --get commit.template [14ms]
2024-05-17 11:27:22.876 [info] > git for-each-ref --format=%(refname)%00%(upstream:short)%00%(objectname)%00%(upstream:track)%00%(upstream:remotename)%00%(upstream:remoteref) refs/heads/cdec refs/remotes/cdec [3ms]
2024-05-17 11:27:22.886 [info] > git status -z -uall [2ms]
2024-05-17 11:27:22.960 [info] > git ls-files --stage -- /home/ashlesha/AWS-PROJECT-/like.txt [3ms]
2024-05-17 11:27:22.967 [info] > git cat-file -s e69de29bb2d1d6434b8b29ae775ad8c2e48c5391 [1ms]
2024-05-17 11:27:22.980 [info] > git show --textconv :like.txt [2ms]
2024-05-17 11:32:33.865 [info] > git rev-list --count c7a1ee4cd74812fcc80a4aaa50746c888d9f6202.. -- /home/ashlesha/AWS-PROJECT-/like.txt [8ms]
2024-05-17 11:32:33.882 [info] > git log --format=%H%n%aN%n%aE%n%at%n%ct%n%P%n%D%n%B -z -n2 --follow -- /home/ashlesha/AWS-PROJECT-/like.txt [7ms]
2024-05-17 11:32:34.340 [info] > git config --get commit.template [10ms]
2024-05-17 11:32:34.340 [info] > git for-each-ref --format=%(refname)%00%(upstream:short)%00%(objectname)%00%(upstream:track)%00%(upstream:remotename)%00%(upstream:remoteref) refs/heads/cdec refs/remotes/cdec [2ms]
2024-05-17 11:32:34.349 [info] > git status -z -uall [2ms]
2024-05-17 11:32:34.448 [info] > git ls-files --stage -- /home/ashlesha/AWS-PROJECT-/like.txt [5ms]
2024-05-17 11:32:34.467 [info] > git cat-file -s e69de29bb2d1d6434b8b29ae775ad8c2e48c5391 [7ms]
2024-05-17 11:32:34.491 [info] > git show --textconv :like.txt [4ms]
2024-05-17 11:37:11.361 [info] > git log --format=%H%n%aN%n%aE%n%at%n%ct%n%P%n%D%n%B -z -n120 --follow -- /home/ashlesha/AWS-PROJECT-/devops [9ms]
2024-05-17 11:37:11.515 [info] > git show --textconv :devops [8ms]
2024-05-17 11:37:11.517 [info] > git ls-files --stage -- /home/ashlesha/AWS-PROJECT-/devops [3ms]
2024-05-17 11:37:11.524 [info] > git cat-file -s 8513e6576ace0a5466b9690c96ce8664318a2cb9 [1ms]
2024-05-17 11:37:29.463 [info] > git config --get commit.template [30ms]
2024-05-17 11:37:29.464 [info] > git for-each-ref --format=%(refname)%00%(upstream:short)%00%(objectname)%00%(upstream:track)%00%(upstream:remotename)%00%(upstream:remoteref) refs/heads/cdec refs/remotes/cdec [4ms]
2024-05-17 11:37:29.477 [info] > git status -z -uall [2ms]
2024-05-17 11:38:22.607 [info] > git config --get commit.template [13ms]
2024-05-17 11:38:22.608 [info] > git for-each-ref --format=%(refname)%00%(upstream:short)%00%(objectname)%00%(upstream:track)%00%(upstream:remotename)%00%(upstream:remoteref) refs/heads/cdec refs/remotes/cdec [3ms]
2024-05-17 11:38:22.621 [info] > git status -z -uall [2ms]
2024-05-17 11:39:13.494 [info] > git rev-list --count c7a1ee4cd74812fcc80a4aaa50746c888d9f6202.. -- /home/ashlesha/AWS-PROJECT-/devops [3ms]
2024-05-17 11:39:13.503 [info] > git log --format=%H%n%aN%n%aE%n%at%n%ct%n%P%n%D%n%B -z -n2 --follow -- /home/ashlesha/AWS-PROJECT-/devops [2ms]
2024-05-17 11:39:13.920 [info] > git config --get commit.template [14ms]
2024-05-17 11:39:13.920 [info] > git for-each-ref --format=%(refname)%00%(upstream:short)%00%(objectname)%00%(upstream:track)%00%(upstream:remotename)%00%(upstream:remoteref) refs/heads/cdec refs/remotes/cdec [2ms]
2024-05-17 11:39:13.933 [info] > git status -z -uall [3ms]
2024-05-17 11:39:14.018 [info] > git ls-files --stage -- /home/ashlesha/AWS-PROJECT-/devops [2ms]
2024-05-17 11:39:14.027 [info] > git cat-file -s 8513e6576ace0a5466b9690c96ce8664318a2cb9 [2ms]
2024-05-17 11:39:14.047 [info] > git show --textconv :devops [7ms]
2024-05-17 11:39:54.145 [info] > git config --get commit.template [7ms]
2024-05-17 11:39:54.145 [info] > git for-each-ref --format=%(refname)%00%(upstream:short)%00%(objectname)%00%(upstream:track)%00%(upstream:remotename)%00%(upstream:remoteref) refs/heads/cdec refs/remotes/cdec [1ms]
2024-05-17 11:39:54.152 [info] > git status -z -uall [1ms]
2024-05-17 11:40:31.956 [info] > git rev-list --count c7a1ee4cd74812fcc80a4aaa50746c888d9f6202.. -- /home/ashlesha/AWS-PROJECT-/devops [5ms]
2024-05-17 11:40:31.970 [info] > git log --format=%H%n%aN%n%aE%n%at%n%ct%n%P%n%D%n%B -z -n2 --follow -- /home/ashlesha/AWS-PROJECT-/devops [3ms]
2024-05-17 11:40:32.460 [info] > git config --get commit.template [18ms]
2024-05-17 11:40:32.461 [info] > git for-each-ref --format=%(refname)%00%(upstream:short)%00%(objectname)%00%(upstream:track)%00%(upstream:remotename)%00%(upstream:remoteref) refs/heads/cdec refs/remotes/cdec [4ms]
2024-05-17 11:40:32.473 [info] > git status -z -uall [1ms]
2024-05-17 11:40:32.531 [info] > git ls-files --stage -- /home/ashlesha/AWS-PROJECT-/devops [2ms]
2024-05-17 11:40:32.539 [info] > git cat-file -s 8513e6576ace0a5466b9690c96ce8664318a2cb9 [2ms]
2024-05-17 11:40:32.552 [info] > git show --textconv :devops [2ms]
2024-05-17 11:41:48.344 [info] > git rev-list --count c7a1ee4cd74812fcc80a4aaa50746c888d9f6202.. -- /home/ashlesha/AWS-PROJECT-/devops [12ms]
2024-05-17 11:41:48.373 [info] > git log --format=%H%n%aN%n%aE%n%at%n%ct%n%P%n%D%n%B -z -n2 --follow -- /home/ashlesha/AWS-PROJECT-/devops [4ms]
2024-05-17 11:41:48.801 [info] > git config --get commit.template [7ms]
2024-05-17 11:41:48.801 [info] > git for-each-ref --format=%(refname)%00%(upstream:short)%00%(objectname)%00%(upstream:track)%00%(upstream:remotename)%00%(upstream:remoteref) refs/heads/cdec refs/remotes/cdec [1ms]
2024-05-17 11:41:48.808 [info] > git status -z -uall [2ms]
2024-05-17 11:41:48.922 [info] > git ls-files --stage -- /home/ashlesha/AWS-PROJECT-/devops [10ms]
2024-05-17 11:41:48.935 [info] > git cat-file -s 8513e6576ace0a5466b9690c96ce8664318a2cb9 [2ms]
2024-05-17 11:41:48.991 [info] > git show --textconv :devops [2ms]
2024-05-17 11:43:13.464 [info] > git rev-list --count c7a1ee4cd74812fcc80a4aaa50746c888d9f6202.. -- /home/ashlesha/AWS-PROJECT-/devops [7ms]
2024-05-17 11:43:13.482 [info] > git log --format=%H%n%aN%n%aE%n%at%n%ct%n%P%n%D%n%B -z -n2 --follow -- /home/ashlesha/AWS-PROJECT-/devops [7ms]
2024-05-17 11:43:13.947 [info] > git config --get commit.template [12ms]
2024-05-17 11:43:13.947 [info] > git for-each-ref --format=%(refname)%00%(upstream:short)%00%(objectname)%00%(upstream:track)%00%(upstream:remotename)%00%(upstream:remoteref) refs/heads/cdec refs/remotes/cdec [3ms]
2024-05-17 11:43:13.958 [info] > git status -z -uall [2ms]
2024-05-17 11:43:14.066 [info] > git ls-files --stage -- /home/ashlesha/AWS-PROJECT-/devops [11ms]
2024-05-17 11:43:14.080 [info] > git cat-file -s 8513e6576ace0a5466b9690c96ce8664318a2cb9 [3ms]
2024-05-17 11:43:14.148 [info] > git show --textconv :devops [3ms]
2024-05-17 11:45:44.072 [info] > git config --get commit.template [12ms]
2024-05-17 11:45:44.072 [info] > git for-each-ref --format=%(refname)%00%(upstream:short)%00%(objectname)%00%(upstream:track)%00%(upstream:remotename)%00%(upstream:remoteref) refs/heads/cdec refs/remotes/cdec [2ms]
2024-05-17 11:45:44.080 [info] > git status -z -uall [2ms]
2024-05-17 11:45:58.799 [info] > git config --get commit.template [13ms]
2024-05-17 11:45:58.800 [info] > git for-each-ref --format=%(refname)%00%(upstream:short)%00%(objectname)%00%(upstream:track)%00%(upstream:remotename)%00%(upstream:remoteref) refs/heads/cdec refs/remotes/cdec [3ms]
2024-05-17 11:45:58.810 [info] > git status -z -uall [2ms]
2024-05-17 11:46:39.141 [info] > git log --format=%H%n%aN%n%aE%n%at%n%ct%n%P%n%D%n%B -z -n120 --follow -- /home/ashlesha/AWS-PROJECT-/README.md [480ms]
2024-05-17 11:46:39.402 [info] > git show --textconv :README.md [19ms]
2024-05-17 11:46:39.402 [info] > git ls-files --stage -- /home/ashlesha/AWS-PROJECT-/README.md [2ms]
2024-05-17 11:46:39.413 [info] > git cat-file -s 78d5c4552ece7ce2efcae5d809a09120b414bf0f [3ms]
2024-05-17 11:46:46.011 [info] > git log --format=%H%n%aN%n%aE%n%at%n%ct%n%P%n%D%n%B -z -n120 --follow -- /home/ashlesha/AWS-PROJECT-/ashlesha  [5ms]
2024-05-17 11:46:46.216 [info] > git show --textconv :ashlesha  [9ms]
2024-05-17 11:46:46.216 [info] > git ls-files --stage -- /home/ashlesha/AWS-PROJECT-/ashlesha  [1ms]
2024-05-17 11:46:46.224 [info] > git cat-file -s f3bb69541de464e4473c9705e7b55fee12b7a285 [1ms]
2024-05-17 11:47:08.712 [info] > git log --format=%H%n%aN%n%aE%n%at%n%ct%n%P%n%D%n%B -z -n120 --follow -- /home/ashlesha/AWS-PROJECT-/README.md [6ms]
2024-05-17 11:47:08.874 [info] > git show --textconv :README.md [7ms]
2024-05-17 11:47:08.876 [info] > git ls-files --stage -- /home/ashlesha/AWS-PROJECT-/README.md [2ms]
2024-05-17 11:47:08.885 [info] > git cat-file -s 78d5c4552ece7ce2efcae5d809a09120b414bf0f [1ms]
2024-05-17 11:47:11.092 [info] > git log --format=%H%n%aN%n%aE%n%at%n%ct%n%P%n%D%n%B -z -n120 --follow -- /home/ashlesha/AWS-PROJECT-/ashlesha  [3ms]
2024-05-17 11:47:11.295 [info] > git show --textconv :ashlesha  [11ms]
2024-05-17 11:47:11.296 [info] > git ls-files --stage -- /home/ashlesha/AWS-PROJECT-/ashlesha  [3ms]
2024-05-17 11:47:11.303 [info] > git cat-file -s f3bb69541de464e4473c9705e7b55fee12b7a285 [1ms]
2024-05-17 11:47:21.418 [info] > git log --format=%H%n%aN%n%aE%n%at%n%ct%n%P%n%D%n%B -z -n127 --follow -- /home/ashlesha/AWS-PROJECT-/README.md [7ms]
2024-05-17 11:47:21.597 [info] > git show --textconv :README.md [9ms]
2024-05-17 11:47:21.599 [info] > git ls-files --stage -- /home/ashlesha/AWS-PROJECT-/README.md [4ms]
2024-05-17 11:47:21.608 [info] > git cat-file -s 78d5c4552ece7ce2efcae5d809a09120b414bf0f [3ms]
2024-05-17 11:48:37.774 [info] > git check-ignore -v -z --stdin [2ms]
2024-05-17 11:48:38.331 [info] > git config --get commit.template [8ms]
2024-05-17 11:48:38.332 [info] > git for-each-ref --format=%(refname)%00%(upstream:short)%00%(objectname)%00%(upstream:track)%00%(upstream:remotename)%00%(upstream:remoteref) refs/heads/cdec refs/remotes/cdec [2ms]
2024-05-17 11:48:38.346 [info] > git status -z -uall [3ms]
2024-05-17 11:49:06.162 [info] > git log --format=%H%n%aN%n%aE%n%at%n%ct%n%P%n%D%n%B -z -n120 --follow -- /home/ashlesha/AWS-PROJECT-/cdec2 /ashitosh [3ms]
2024-05-17 11:49:06.321 [info] > git show --textconv :cdec2 /ashitosh [11ms]
2024-05-17 11:49:06.323 [info] > git ls-files --stage -- /home/ashlesha/AWS-PROJECT-/cdec2 /ashitosh [3ms]
2024-05-17 11:49:06.568 [info] > git check-ignore -v -z --stdin [5ms]
2024-05-17 11:49:07.210 [info] > git config --get commit.template [1ms]
2024-05-17 11:49:07.225 [info] > git for-each-ref --format=%(refname)%00%(upstream:short)%00%(objectname)%00%(upstream:track)%00%(upstream:remotename)%00%(upstream:remoteref) refs/heads/cdec refs/remotes/cdec [1ms]
2024-05-17 11:49:07.245 [info] > git status -z -uall [2ms]
2024-05-17 11:49:27.003 [info] > git config --get commit.template [4ms]
2024-05-17 11:49:27.011 [info] > git for-each-ref --format=%(refname)%00%(upstream:short)%00%(objectname)%00%(upstream:track)%00%(upstream:remotename)%00%(upstream:remoteref) refs/heads/cdec refs/remotes/cdec [1ms]
2024-05-17 11:49:27.022 [info] > git status -z -uall [2ms]
2024-05-17 11:51:56.203 [info] > git log --format=%H%n%aN%n%aE%n%at%n%ct%n%P%n%D%n%B -z -n120 --follow -- /home/ashlesha/AWS-PROJECT-/cdec2 /ashitosh [5ms]
2024-05-17 11:51:56.444 [info] > git show --textconv :cdec2 /ashitosh [27ms]
2024-05-17 11:51:56.449 [info] > git ls-files --stage -- /home/ashlesha/AWS-PROJECT-/cdec2 /ashitosh [10ms]
2024-05-17 11:52:51.911 [info] > git log --format=%H%n%aN%n%aE%n%at%n%ct%n%P%n%D%n%B -z -n120 --follow -- /home/ashlesha/AWS-PROJECT-/README.md [5ms]
2024-05-17 11:52:52.103 [info] > git show --textconv :README.md [8ms]
2024-05-17 11:52:52.104 [info] > git ls-files --stage -- /home/ashlesha/AWS-PROJECT-/README.md [2ms]
2024-05-17 11:52:52.114 [info] > git cat-file -s 78d5c4552ece7ce2efcae5d809a09120b414bf0f [4ms]
2024-05-17 12:00:46.311 [info] > git log --format=%H%n%aN%n%aE%n%at%n%ct%n%P%n%D%n%B -z -n120 --follow -- /home/ashlesha/AWS-PROJECT-/cdec2 /ashitosh [6ms]
2024-05-17 12:00:46.548 [info] > git show --textconv :cdec2 /ashitosh [15ms]
2024-05-17 12:00:46.552 [info] > git ls-files --stage -- /home/ashlesha/AWS-PROJECT-/cdec2 /ashitosh [6ms]
2024-05-17 12:03:04.696 [info] > git log --format=%H%n%aN%n%aE%n%at%n%ct%n%P%n%D%n%B -z -n120 --follow -- /home/ashlesha/AWS-PROJECT-/ashlesha  [4ms]
2024-05-17 12:03:04.885 [info] > git show --textconv :ashlesha  [10ms]
2024-05-17 12:03:04.887 [info] > git ls-files --stage -- /home/ashlesha/AWS-PROJECT-/ashlesha  [3ms]
2024-05-17 12:03:04.894 [info] > git cat-file -s f3bb69541de464e4473c9705e7b55fee12b7a285 [1ms]
2024-05-17 12:03:33.195 [info] > git for-each-ref --format=%(refname)%00%(upstream:short)%00%(objectname)%00%(upstream:track)%00%(upstream:remotename)%00%(upstream:remoteref) refs/heads/cdec [1ms]
2024-05-17 12:03:33.205 [info] > git for-each-ref --format=%(refname)%00%(upstream:short)%00%(objectname)%00%(upstream:track)%00%(upstream:remotename)%00%(upstream:remoteref) refs/heads/cdec [2ms]
2024-05-17 12:03:33.218 [info] > git config --local branch.cdec.vscode-merge-base [2ms]
2024-05-17 12:03:33.227 [info] > git for-each-ref --format=%(refname)%00%(upstream:short)%00%(objectname)%00%(upstream:track)%00%(upstream:remotename)%00%(upstream:remoteref) refs/heads/origin/main refs/remotes/origin/main [1ms]
2024-05-17 12:03:33.237 [info] > git merge-base refs/heads/cdec refs/remotes/origin/main [2ms]
2024-05-17 12:03:33.247 [info] > git rev-list --count --left-right refs/heads/cdec...refs/remotes/origin/main [2ms]
2024-05-17 12:03:33.266 [info] > git log --format=%H%n%aN%n%aE%n%at%n%ct%n%P%n%D%n%B -z --shortstat --diff-merges=first-parent --author-date-order a7b02bf548b731af4160f38962b06e0fddd235d3..c7a1ee4cd74812fcc80a4aaa50746c888d9f6202 [3ms]
2024-05-17 12:03:33.281 [info] > git diff --shortstat a7b02bf548b731af4160f38962b06e0fddd235d3...c7a1ee4cd74812fcc80a4aaa50746c888d9f6202 [2ms]
2024-05-17 12:03:34.083 [info] > git check-ignore -v -z --stdin [5ms]
2024-05-17 12:03:49.524 [info] > git show --textconv HEAD:cdec2 /ashitosh [11ms]
2024-05-17 12:03:49.527 [info] > git ls-tree -l HEAD -- /home/ashlesha/AWS-PROJECT-/cdec2 /ashitosh [5ms]
2024-05-17 12:05:13.535 [info] > git add -A -- /home/ashlesha/AWS-PROJECT-/cdec2 /ashitosh [5ms]
2024-05-17 12:05:13.553 [info] > git for-each-ref --format=%(refname)%00%(upstream:short)%00%(objectname)%00%(upstream:track)%00%(upstream:remotename)%00%(upstream:remoteref) refs/heads/cdec refs/remotes/cdec [3ms]
2024-05-17 12:05:13.553 [info] > git config --get commit.template [9ms]
2024-05-17 12:05:13.563 [info] > git status -z -uall [1ms]
2024-05-17 12:05:14.703 [info] > git config --get commit.template [23ms]
2024-05-17 12:05:14.704 [info] > git for-each-ref --format=%(refname)%00%(upstream:short)%00%(objectname)%00%(upstream:track)%00%(upstream:remotename)%00%(upstream:remoteref) refs/heads/cdec refs/remotes/cdec [3ms]
2024-05-17 12:05:14.720 [info] > git status -z -uall [2ms]
2024-05-17 12:05:14.773 [info] > git ls-files --stage -- /home/ashlesha/AWS-PROJECT-/cdec2 /ashitosh [4ms]
2024-05-17 12:05:14.782 [info] > git cat-file -s 980d05367c8b0b8b374ec6ae24f1b7d428b6ebc5 [2ms]
2024-05-17 12:05:14.797 [info] > git show --textconv :cdec2 /ashitosh [2ms]
2024-05-17 12:05:19.744 [info] > git config --get commit.template [8ms]
2024-05-17 12:05:19.745 [info] > git for-each-ref --format=%(refname)%00%(upstream:short)%00%(objectname)%00%(upstream:track)%00%(upstream:remotename)%00%(upstream:remoteref) refs/heads/cdec refs/remotes/cdec [2ms]
2024-05-17 12:05:19.754 [info] > git status -z -uall [1ms]
2024-05-17 12:05:20.109 [info] > git show --textconv :cdec2 /ashitosh [13ms]
2024-05-17 12:05:20.111 [info] > git ls-files --stage -- /home/ashlesha/AWS-PROJECT-/cdec2 /ashitosh [3ms]
2024-05-17 12:05:20.121 [info] > git cat-file -s 980d05367c8b0b8b374ec6ae24f1b7d428b6ebc5 [2ms]
2024-05-17 12:05:46.695 [info] > git branch [3ms]
2024-05-17 12:05:46.706 [info] > git reset -q HEAD -- /home/ashlesha/AWS-PROJECT-/cdec2 /ashitosh [3ms]
2024-05-17 12:05:46.721 [info] > git config --get commit.template [7ms]
2024-05-17 12:05:46.721 [info] > git for-each-ref --format=%(refname)%00%(upstream:short)%00%(objectname)%00%(upstream:track)%00%(upstream:remotename)%00%(upstream:remoteref) refs/heads/cdec refs/remotes/cdec [1ms]
2024-05-17 12:05:46.729 [info] > git status -z -uall [2ms]
2024-05-17 12:05:47.866 [info] > git config --get commit.template [15ms]
2024-05-17 12:05:47.866 [info] > git for-each-ref --format=%(refname)%00%(upstream:short)%00%(objectname)%00%(upstream:track)%00%(upstream:remotename)%00%(upstream:remoteref) refs/heads/cdec refs/remotes/cdec [1ms]
2024-05-17 12:05:47.874 [info] > git status -z -uall [1ms]
2024-05-17 12:05:47.944 [info] > git ls-tree -l HEAD -- /home/ashlesha/AWS-PROJECT-/cdec2 /ashitosh [9ms]
2024-05-17 12:05:47.946 [info] > git ls-files --stage -- /home/ashlesha/AWS-PROJECT-/cdec2 /ashitosh [5ms]
2024-05-17 12:05:47.964 [info] > git show --textconv HEAD:cdec2 /ashitosh [9ms]
2024-05-17 12:05:47.964 [info] > git show --textconv :cdec2 /ashitosh [1ms]
2024-05-17 12:05:52.929 [info] > git config --get commit.template [17ms]
2024-05-17 12:05:52.930 [info] > git for-each-ref --format=%(refname)%00%(upstream:short)%00%(objectname)%00%(upstream:track)%00%(upstream:remotename)%00%(upstream:remoteref) refs/heads/cdec refs/remotes/cdec [3ms]
2024-05-17 12:05:52.943 [info] > git status -z -uall [2ms]
2024-05-17 12:06:40.445 [info] > git checkout -q -- /home/ashlesha/AWS-PROJECT-/README.md /home/ashlesha/AWS-PROJECT-/aishu /home/ashlesha/AWS-PROJECT-/devops /home/ashlesha/AWS-PROJECT-/like.txt [41ms]
2024-05-17 12:06:40.474 [info] > git config --get commit.template [16ms]
2024-05-17 12:06:40.478 [info] > git for-each-ref --format=%(refname)%00%(upstream:short)%00%(objectname)%00%(upstream:track)%00%(upstream:remotename)%00%(upstream:remoteref) refs/heads/cdec refs/remotes/cdec [5ms]
2024-05-17 12:06:40.489 [info] > git status -z -uall [2ms]
2024-05-17 12:06:41.594 [info] > git config --get commit.template [13ms]
2024-05-17 12:06:41.594 [info] > git for-each-ref --format=%(refname)%00%(upstream:short)%00%(objectname)%00%(upstream:track)%00%(upstream:remotename)%00%(upstream:remoteref) refs/heads/cdec refs/remotes/cdec [1ms]
2024-05-17 12:06:41.606 [info] > git status -z -uall [2ms]
2024-05-17 12:06:41.672 [info] > git ls-tree -l HEAD -- /home/ashlesha/AWS-PROJECT-/cdec2 /ashitosh [8ms]
2024-05-17 12:06:41.674 [info] > git ls-files --stage -- /home/ashlesha/AWS-PROJECT-/cdec2 /ashitosh [3ms]
2024-05-17 12:06:41.692 [info] > git show --textconv HEAD:cdec2 /ashitosh [8ms]
2024-05-17 12:06:41.694 [info] > git show --textconv :cdec2 /ashitosh [3ms]
2024-05-17 12:06:46.644 [info] > git config --get commit.template [17ms]
2024-05-17 12:06:46.645 [info] > git for-each-ref --format=%(refname)%00%(upstream:short)%00%(objectname)%00%(upstream:track)%00%(upstream:remotename)%00%(upstream:remoteref) refs/heads/cdec refs/remotes/cdec [2ms]
2024-05-17 12:06:46.655 [info] > git status -z -uall [2ms]
2024-05-17 12:06:55.772 [info] > git clean -f -q -- /home/ashlesha/AWS-PROJECT-/cdec2 /ashitosh [2ms]
2024-05-17 12:06:55.782 [info] > git checkout -q [3ms]
2024-05-17 12:06:55.801 [info] > git config --get commit.template [7ms]
2024-05-17 12:06:55.802 [info] > git for-each-ref --format=%(refname)%00%(upstream:short)%00%(objectname)%00%(upstream:track)%00%(upstream:remotename)%00%(upstream:remoteref) refs/heads/cdec refs/remotes/cdec [2ms]
2024-05-17 12:06:55.811 [info] > git status -z -uall [1ms]
2024-05-17 12:06:56.932 [info] > git config --get commit.template [18ms]
2024-05-17 12:06:56.934 [info] > git for-each-ref --format=%(refname)%00%(upstream:short)%00%(objectname)%00%(upstream:track)%00%(upstream:remotename)%00%(upstream:remoteref) refs/heads/cdec refs/remotes/cdec [4ms]
2024-05-17 12:06:56.944 [info] > git status -z -uall [2ms]
2024-05-17 12:06:57.020 [info] > git ls-tree -l HEAD -- /home/ashlesha/AWS-PROJECT-/cdec2 /ashitosh [13ms]
2024-05-17 12:06:57.022 [info] > git ls-files --stage -- /home/ashlesha/AWS-PROJECT-/cdec2 /ashitosh [6ms]
2024-05-17 12:06:57.042 [info] > git show --textconv HEAD:cdec2 /ashitosh [8ms]
2024-05-17 12:06:57.043 [info] > git show --textconv :cdec2 /ashitosh [1ms]
2024-05-17 12:07:01.330 [info] > git ls-tree -l HEAD -- /home/ashlesha/AWS-PROJECT-/cdec2 /ashitosh [4ms]
2024-05-17 12:07:01.997 [info] > git config --get commit.template [17ms]
2024-05-17 12:07:02.000 [info] > git for-each-ref --format=%(refname)%00%(upstream:short)%00%(objectname)%00%(upstream:track)%00%(upstream:remotename)%00%(upstream:remoteref) refs/heads/cdec refs/remotes/cdec [2ms]
2024-05-17 12:07:02.013 [info] > git status -z -uall [2ms]
2024-05-17 12:07:44.987 [info] > git log --format=%H%n%aN%n%aE%n%at%n%ct%n%P%n%D%n%B -z -n193 --follow -- /home/ashlesha/AWS-PROJECT-/cdec2 /tajin  [2ms]
2024-05-17 12:07:45.189 [info] > git show --textconv :cdec2 /tajin  [7ms]
2024-05-17 12:07:45.190 [info] > git ls-files --stage -- /home/ashlesha/AWS-PROJECT-/cdec2 /tajin  [2ms]
2024-05-17 12:07:45.466 [info] > git check-ignore -v -z --stdin [6ms]
2024-05-17 12:07:46.119 [info] > git config --get commit.template [21ms]
2024-05-17 12:07:46.119 [info] > git for-each-ref --format=%(refname)%00%(upstream:short)%00%(objectname)%00%(upstream:track)%00%(upstream:remotename)%00%(upstream:remoteref) refs/heads/cdec refs/remotes/cdec [3ms]
2024-05-17 12:07:46.156 [info] > git status -z -uall [18ms]
2024-05-17 12:11:13.076 [info] > git log --format=%H%n%aN%n%aE%n%at%n%ct%n%P%n%D%n%B -z -n193 --follow -- /home/ashlesha/AWS-PROJECT-/cdec2 /tajin  [3ms]
2024-05-17 12:11:13.315 [info] > git show --textconv :cdec2 /tajin  [7ms]
2024-05-17 12:11:13.317 [info] > git ls-files --stage -- /home/ashlesha/AWS-PROJECT-/cdec2 /tajin  [3ms]
2024-05-17 12:12:02.830 [info] > git config --get commit.template [4ms]
2024-05-17 12:12:02.846 [info] > git for-each-ref --format=%(refname)%00%(upstream:short)%00%(objectname)%00%(upstream:track)%00%(upstream:remotename)%00%(upstream:remoteref) refs/heads/cdec refs/remotes/cdec [4ms]
2024-05-17 12:12:02.857 [info] > git status -z -uall [1ms]
