2024-05-17 12:13:19.775 [info] Log level: Info
2024-05-17 12:13:19.775 [info] Validating found git in: "git"
2024-05-17 12:13:19.775 [info] Using git "2.34.1" from "git"
2024-05-17 12:13:19.775 [info] > git rev-parse --show-toplevel [187ms]
2024-05-17 12:13:19.778 [info] > git rev-parse --git-dir --git-common-dir [3ms]
2024-05-17 12:13:19.802 [info] Open repository: /home/ashlesha/AWS-PROJECT-
2024-05-17 12:13:19.913 [info] > git rev-parse --show-toplevel [64ms]
2024-05-17 12:13:19.915 [info] > git config --get commit.template [88ms]
2024-05-17 12:13:19.940 [info] > git rev-parse --show-toplevel [11ms]
2024-05-17 12:13:19.957 [info] > git for-each-ref --format=%(refname)%00%(upstream:short)%00%(objectname)%00%(upstream:track)%00%(upstream:remotename)%00%(upstream:remoteref) refs/heads/cdec refs/remotes/cdec [20ms]
2024-05-17 12:13:19.977 [info] > git status -z -uall [5ms]
2024-05-17 12:13:19.993 [info] > git rev-parse --show-toplevel [38ms]
2024-05-17 12:13:20.050 [info] > git rev-parse --git-dir --git-common-dir [12ms]
2024-05-17 12:13:20.054 [info] Open repository: /home/ashlesha/AWS-PROJECT-/linux-
2024-05-17 12:13:20.060 [info] > git config --get commit.template [34ms]
2024-05-17 12:13:20.060 [info] > git log --format=%H%n%aN%n%aE%n%at%n%ct%n%P%n%D%n%B -z -n171 --follow -- /home/ashlesha/AWS-PROJECT-/cdec2 /tajin  [49ms]
2024-05-17 12:13:20.204 [info] > git config --get commit.template [96ms]
2024-05-17 12:13:20.248 [info] > git for-each-ref --format=%(refname)%00%(upstream:short)%00%(objectname)%00%(upstream:track)%00%(upstream:remotename)%00%(upstream:remoteref) refs/heads/cdec refs/remotes/cdec [60ms]
2024-05-17 12:13:20.286 [info] > git status -z -uall [29ms]
2024-05-17 12:13:20.288 [info] > git for-each-ref --format=%(refname)%00%(upstream:short)%00%(objectname)%00%(upstream:track)%00%(upstream:remotename)%00%(upstream:remoteref) refs/heads/main refs/remotes/main [10ms]
2024-05-17 12:13:20.288 [warning] No such branch: main.
2024-05-17 12:13:20.304 [info] > git status -z -uall [8ms]
2024-05-17 12:13:20.323 [info] > git config --get commit.template [2ms]
2024-05-17 12:13:20.333 [info] > git for-each-ref --format=%(refname)%00%(upstream:short)%00%(objectname)%00%(upstream:track)%00%(upstream:remotename)%00%(upstream:remoteref) refs/heads/main refs/remotes/main [1ms]
2024-05-17 12:13:20.334 [warning] No such branch: main.
2024-05-17 12:13:20.343 [info] > git status -z -uall [0ms]
2024-05-17 12:13:20.556 [info] > git show --textconv :cdec2 /tajin  [10ms]
2024-05-17 12:13:20.556 [info] > git ls-files --stage -- /home/ashlesha/AWS-PROJECT-/cdec2 /tajin  [3ms]
2024-05-17 12:13:20.575 [info] > git log --format=%H%n%aN%n%aE%n%at%n%ct%n%P%n%D%n%B -z -n171 --follow -- /home/ashlesha/AWS-PROJECT-/cdec2 /tajin  [1ms]
2024-05-17 12:13:20.743 [info] > git check-ignore -v -z --stdin [26ms]
2024-05-17 12:13:20.745 [info] > git check-ignore -v -z --stdin [18ms]
2024-05-17 12:21:45.072 [info] > git check-ignore -v -z --stdin [2ms]
