2024-05-16 16:31:12.362 [info] Log level: Info
2024-05-16 16:31:12.362 [info] Validating found git in: "git"
2024-05-16 16:31:12.362 [info] Using git "2.34.1" from "git"
2024-05-16 16:31:12.584 [info] > git rev-parse --show-toplevel [211ms]
2024-05-16 16:31:12.632 [info] > git rev-parse --git-dir --git-common-dir [3ms]
2024-05-16 16:31:12.681 [info] Open repository: /home/ashlesha/AWS-PROJECT-
2024-05-16 16:31:12.773 [info] > git config --get commit.template [25ms]
2024-05-16 16:31:12.783 [info] > git for-each-ref --format=%(refname)%00%(upstream:short)%00%(objectname)%00%(upstream:track)%00%(upstream:remotename)%00%(upstream:remoteref) refs/heads/cdec refs/remotes/cdec [19ms]
2024-05-16 16:31:12.807 [info] > git show --textconv HEAD:devops [94ms]
2024-05-16 16:31:12.808 [info] > git ls-tree -l HEAD -- /home/ashlesha/AWS-PROJECT-/devops [78ms]
2024-05-16 16:31:12.822 [info] > git status -z -uall [17ms]
2024-05-16 16:31:12.899 [info] > git config --get commit.template [3ms]
2024-05-16 16:31:12.900 [info] > git ls-tree -l HEAD -- /home/ashlesha/AWS-PROJECT-/devops [16ms]
2024-05-16 16:31:13.216 [info] > git for-each-ref --format=%(refname)%00%(upstream:short)%00%(objectname)%00%(upstream:track)%00%(upstream:remotename)%00%(upstream:remoteref) refs/heads/cdec refs/remotes/cdec [290ms]
2024-05-16 16:31:13.769 [info] > git status -z -uall [512ms]
2024-05-16 16:31:13.815 [info] > git check-ignore -v -z --stdin [12ms]
2024-05-16 16:31:18.962 [info] > git log --format=%H%n%aN%n%aE%n%at%n%ct%n%P%n%D%n%B -z -n193 --follow -- /home/ashlesha/AWS-PROJECT-/devops [4ms]
2024-05-16 16:31:24.578 [info] > git for-each-ref --format=%(refname)%00%(upstream:short)%00%(objectname)%00%(upstream:track)%00%(upstream:remotename)%00%(upstream:remoteref) refs/heads/cdec [2ms]
2024-05-16 16:31:24.594 [info] > git for-each-ref --format=%(refname)%00%(upstream:short)%00%(objectname)%00%(upstream:track)%00%(upstream:remotename)%00%(upstream:remoteref) refs/heads/cdec [5ms]
2024-05-16 16:31:24.602 [info] > git config --local branch.cdec.vscode-merge-base [2ms]
2024-05-16 16:31:24.665 [info] > git for-each-ref --format=%(refname)%00%(upstream:short)%00%(objectname)%00%(upstream:track)%00%(upstream:remotename)%00%(upstream:remoteref) refs/heads/origin/main refs/remotes/origin/main [54ms]
2024-05-16 16:31:24.691 [info] > git merge-base refs/heads/cdec refs/remotes/origin/main [19ms]
2024-05-16 16:31:24.701 [info] > git rev-list --count --left-right refs/heads/cdec...refs/remotes/origin/main [2ms]
2024-05-16 16:31:24.821 [info] > git log --format=%H%n%aN%n%aE%n%at%n%ct%n%P%n%D%n%B -z --shortstat --diff-merges=first-parent --author-date-order a7b02bf548b731af4160f38962b06e0fddd235d3..1a5b9e8bca7e064c3d2426c69668253d7f27c877 [103ms]
2024-05-16 16:31:25.539 [info] > git check-ignore -v -z --stdin [2ms]
2024-05-16 16:37:48.863 [info] > git ls-tree -l HEAD -- /home/ashlesha/AWS-PROJECT-/devops [3ms]
2024-05-16 16:38:13.916 [info] > git config --get commit.template [5ms]
2024-05-16 16:38:13.954 [info] > git for-each-ref --format=%(refname)%00%(upstream:short)%00%(objectname)%00%(upstream:track)%00%(upstream:remotename)%00%(upstream:remoteref) refs/heads/cdec refs/remotes/cdec [15ms]
2024-05-16 16:38:13.989 [info] > git status -z -uall [18ms]
2024-05-16 16:41:37.342 [info] > git ls-tree -l HEAD -- /home/ashlesha/AWS-PROJECT-/devops [3ms]
2024-05-16 16:42:02.436 [info] > git ls-tree -l HEAD -- /home/ashlesha/AWS-PROJECT-/devops [2ms]
2024-05-16 16:44:15.367 [info] > git ls-tree -l HEAD -- /home/ashlesha/AWS-PROJECT-/devops [1ms]
2024-05-16 16:44:56.267 [info] > git config --get commit.template [36ms]
2024-05-16 16:44:56.276 [info] > git for-each-ref --format=%(refname)%00%(upstream:short)%00%(objectname)%00%(upstream:track)%00%(upstream:remotename)%00%(upstream:remoteref) refs/heads/cdec refs/remotes/cdec [13ms]
2024-05-16 16:44:56.312 [info] > git status -z -uall [5ms]
2024-05-16 16:51:16.021 [info] > git ls-tree -l HEAD -- /home/ashlesha/AWS-PROJECT-/devops [3ms]
2024-05-16 20:43:41.260 [info] > git ls-tree -l HEAD -- /home/ashlesha/AWS-PROJECT-/devops [3ms]
2024-05-16 20:43:45.191 [info] > git log --format=%H%n%aN%n%aE%n%at%n%ct%n%P%n%D%n%B -z -n193 --follow -- /home/ashlesha/AWS-PROJECT-/devops [6ms]
2024-05-16 20:43:45.696 [info] > git config --get commit.template [24ms]
2024-05-16 20:43:45.699 [info] > git for-each-ref --format=%(refname)%00%(upstream:short)%00%(objectname)%00%(upstream:track)%00%(upstream:remotename)%00%(upstream:remoteref) refs/heads/cdec refs/remotes/cdec [6ms]
2024-05-16 20:43:45.724 [info] > git status -z -uall [6ms]
2024-05-16 20:43:45.825 [info] > git ls-files --stage -- /home/ashlesha/AWS-PROJECT-/devops [9ms]
2024-05-16 20:43:45.857 [info] > git cat-file -s 8513e6576ace0a5466b9690c96ce8664318a2cb9 [15ms]
2024-05-16 20:43:45.911 [info] > git show --textconv :devops [12ms]
2024-05-16 20:43:50.791 [info] > git config --get commit.template [23ms]
2024-05-16 20:43:50.792 [info] > git for-each-ref --format=%(refname)%00%(upstream:short)%00%(objectname)%00%(upstream:track)%00%(upstream:remotename)%00%(upstream:remoteref) refs/heads/cdec refs/remotes/cdec [5ms]
2024-05-16 20:43:50.816 [info] > git status -z -uall [5ms]
2024-05-16 21:00:03.728 [info] > git ls-files --stage -- /home/ashlesha/AWS-PROJECT-/devops [11ms]
2024-05-16 21:00:03.746 [info] > git cat-file -s 8513e6576ace0a5466b9690c96ce8664318a2cb9 [4ms]
