2024-04-30 19:47:21.137 [info] Extension host with pid 473 started
2024-04-30 19:47:21.137 [error] Error: EEXIST: file already exists, open '/home/ashlesha/.vscode-server/data/User/workspaceStorage/72ac57c77595434217e0d37f92540291/vscode.lock'
2024-04-30 19:47:21.165 [info] Lock '/home/ashlesha/.vscode-server/data/User/workspaceStorage/72ac57c77595434217e0d37f92540291/vscode.lock': Could not acquire lock, checking if the file is stale.
2024-04-30 19:47:21.244 [info] ExtensionService#_doActivateExtension vscode.emmet, startup: false, activationEvent: 'onLanguage'
2024-04-30 19:47:21.246 [info] ExtensionService#_doActivateExtension vscode.extension-editing, startup: false, activationEvent: 'onLanguage:markdown'
2024-04-30 19:47:21.247 [info] ExtensionService#_doActivateExtension vscode.markdown-language-features, startup: false, activationEvent: 'onLanguage:markdown'
2024-04-30 19:47:21.746 [info] Lock '/home/ashlesha/.vscode-server/data/User/workspaceStorage/72ac57c77595434217e0d37f92540291/vscode.lock': The lock looks stale, waiting for 2s.
2024-04-30 19:47:22.249 [info] ExtensionService#_doActivateExtension vscode.git-base, startup: true, activationEvent: '*'
2024-04-30 19:47:23.748 [info] Lock '/home/ashlesha/.vscode-server/data/User/workspaceStorage/72ac57c77595434217e0d37f92540291/vscode.lock': The lock looks stale even after waiting for 2s.
2024-04-30 19:47:23.748 [info] Lock '/home/ashlesha/.vscode-server/data/User/workspaceStorage/72ac57c77595434217e0d37f92540291/vscode.lock': Deleting a stale lock.
2024-04-30 19:47:23.796 [info] Lock '/home/ashlesha/.vscode-server/data/User/workspaceStorage/72ac57c77595434217e0d37f92540291/vscode.lock': Lock acquired.
2024-04-30 19:47:24.033 [info] ExtensionService#_doActivateExtension vscode.github, startup: true, activationEvent: '*'
2024-04-30 19:47:24.386 [info] Eager extensions activated
2024-04-30 19:47:24.387 [info] ExtensionService#_doActivateExtension vscode.debug-auto-launch, startup: false, activationEvent: 'onStartupFinished'
2024-04-30 19:47:24.387 [info] ExtensionService#_doActivateExtension vscode.merge-conflict, startup: false, activationEvent: 'onStartupFinished'
2024-04-30 19:47:25.415 [info] ExtensionService#_doActivateExtension vscode.markdown-math, startup: false, activationEvent: 'api', root cause: vscode.markdown-language-features
2024-04-30 20:10:52.701 [info] ExtensionService#_doActivateExtension vscode.npm, startup: false, activationEvent: 'onTerminalQuickFixRequest:ms-vscode.npm-command'
2024-04-30 20:22:32.821 [info] Extension host terminating: received terminate message from renderer
2024-04-30 20:22:32.821 [info] Lock '/home/ashlesha/.vscode-server/data/User/workspaceStorage/72ac57c77595434217e0d37f92540291/vscode.lock': Marking the lockfile as scheduled to be released in 6000 ms.
2024-04-30 20:22:32.881 [info] Extension host with pid 473 exiting with code 0
